host: Fan
Building DAG of jobs...
Using shell: /usr/bin/bash
Provided cores: 16
Rules claiming more threads will be scaled down.
Job stats:
job             count
------------  -------
clean_titles        1
total               1

Select jobs to execute...
Execute 1 jobs...

[Wed Nov 20 17:08:43 2024]
localrule clean_titles:
    input: data/processed/articles.tsv
    output: data/processed/cleaned_articles.tsv
    jobid: 0
    reason: Missing output files: data/processed/cleaned_articles.tsv
    resources: tmpdir=/tmp

[Wed Nov 20 17:08:44 2024]
Finished job 0.
1 of 1 steps (100%) done
Complete log: .snakemake/log/2024-11-20T170843.143456.snakemake.log
