host: Fan
Building DAG of jobs...
Using shell: /usr/bin/bash
Provided cores: 16
Rules claiming more threads will be scaled down.
Job stats:
job               count
--------------  -------
all                   1
fetch_articles      300
total               301

Select jobs to execute...
Execute 16 jobs...

[Wed Nov 20 22:38:23 2024]
localrule fetch_articles:
    input: data/raw/pmids.xml
    output: data/articles/article-data-39560821.xml
    jobid: 3
    reason: Missing output files: data/articles/article-data-39560821.xml
    wildcards: pmid=39560821
    resources: tmpdir=/tmp


[Wed Nov 20 22:38:23 2024]
localrule fetch_articles:
    input: data/raw/pmids.xml
    output: data/articles/article-data-39512484.xml
    jobid: 63
    reason: Missing output files: data/articles/article-data-39512484.xml
    wildcards: pmid=39512484
    resources: tmpdir=/tmp


[Wed Nov 20 22:38:23 2024]
localrule fetch_articles:
    input: data/raw/pmids.xml
    output: data/articles/article-data-39469684.xml
    jobid: 123
    reason: Missing output files: data/articles/article-data-39469684.xml
    wildcards: pmid=39469684
    resources: tmpdir=/tmp


[Wed Nov 20 22:38:23 2024]
localrule fetch_articles:
    input: data/raw/pmids.xml
    output: data/articles/article-data-39363376.xml
    jobid: 265
    reason: Missing output files: data/articles/article-data-39363376.xml
    wildcards: pmid=39363376
    resources: tmpdir=/tmp


[Wed Nov 20 22:38:23 2024]
localrule fetch_articles:
    input: data/raw/pmids.xml
    output: data/articles/article-data-39482218.xml
    jobid: 110
    reason: Missing output files: data/articles/article-data-39482218.xml
    wildcards: pmid=39482218
    resources: tmpdir=/tmp


[Wed Nov 20 22:38:23 2024]
localrule fetch_articles:
    input: data/raw/pmids.xml
    output: data/articles/article-data-39527314.xml
    jobid: 50
    reason: Missing output files: data/articles/article-data-39527314.xml
    wildcards: pmid=39527314
    resources: tmpdir=/tmp


[Wed Nov 20 22:38:23 2024]
localrule fetch_articles:
    input: data/raw/pmids.xml
    output: data/articles/article-data-39550693.xml
    jobid: 20
    reason: Missing output files: data/articles/article-data-39550693.xml
    wildcards: pmid=39550693
    resources: tmpdir=/tmp


[Wed Nov 20 22:38:23 2024]
localrule fetch_articles:
    input: data/raw/pmids.xml
    output: data/articles/article-data-39499692.xml
    jobid: 80
    reason: Missing output files: data/articles/article-data-39499692.xml
    wildcards: pmid=39499692
    resources: tmpdir=/tmp


[Wed Nov 20 22:38:23 2024]
localrule fetch_articles:
    input: data/raw/pmids.xml
    output: data/articles/article-data-39454992.xml
    jobid: 140
    reason: Missing output files: data/articles/article-data-39454992.xml
    wildcards: pmid=39454992
    resources: tmpdir=/tmp


[Wed Nov 20 22:38:23 2024]
localrule fetch_articles:
    input: data/raw/pmids.xml
    output: data/articles/article-data-39434281.xml
    jobid: 170
    reason: Missing output files: data/articles/article-data-39434281.xml
    wildcards: pmid=39434281
    resources: tmpdir=/tmp


[Wed Nov 20 22:38:23 2024]
localrule fetch_articles:
    input: data/raw/pmids.xml
    output: data/articles/article-data-39416495.xml
    jobid: 200
    reason: Missing output files: data/articles/article-data-39416495.xml
    wildcards: pmid=39416495
    resources: tmpdir=/tmp


[Wed Nov 20 22:38:23 2024]
localrule fetch_articles:
    input: data/raw/pmids.xml
    output: data/articles/article-data-39388619.xml
    jobid: 230
    reason: Missing output files: data/articles/article-data-39388619.xml
    wildcards: pmid=39388619
    resources: tmpdir=/tmp


[Wed Nov 20 22:38:23 2024]
localrule fetch_articles:
    input: data/raw/pmids.xml
    output: data/articles/article-data-39367848.xml
    jobid: 260
    reason: Missing output files: data/articles/article-data-39367848.xml
    wildcards: pmid=39367848
    resources: tmpdir=/tmp


[Wed Nov 20 22:38:23 2024]
localrule fetch_articles:
    input: data/raw/pmids.xml
    output: data/articles/article-data-39348850.xml
    jobid: 290
    reason: Missing output files: data/articles/article-data-39348850.xml
    wildcards: pmid=39348850
    resources: tmpdir=/tmp


[Wed Nov 20 22:38:23 2024]
localrule fetch_articles:
    input: data/raw/pmids.xml
    output: data/articles/article-data-39490617.xml
    jobid: 93
    reason: Missing output files: data/articles/article-data-39490617.xml
    wildcards: pmid=39490617
    resources: tmpdir=/tmp


[Wed Nov 20 22:38:23 2024]
localrule fetch_articles:
    input: data/raw/pmids.xml
    output: data/articles/article-data-39536123.xml
    jobid: 33
    reason: Missing output files: data/articles/article-data-39536123.xml
    wildcards: pmid=39536123
    resources: tmpdir=/tmp

[Wed Nov 20 22:38:26 2024]
Finished job 3.
1 of 301 steps (0.3%) done
Select jobs to execute...
Execute 1 jobs...

[Wed Nov 20 22:38:26 2024]
localrule fetch_articles:
    input: data/raw/pmids.xml
    output: data/articles/article-data-39371163.xml
    jobid: 252
    reason: Missing output files: data/articles/article-data-39371163.xml
    wildcards: pmid=39371163
    resources: tmpdir=/tmp

[Wed Nov 20 22:38:26 2024]
Finished job 63.
2 of 301 steps (1%) done
Select jobs to execute...
Execute 1 jobs...

[Wed Nov 20 22:38:26 2024]
localrule fetch_articles:
    input: data/raw/pmids.xml
    output: data/articles/article-data-39352145.xml
    jobid: 282
    reason: Missing output files: data/articles/article-data-39352145.xml
    wildcards: pmid=39352145
    resources: tmpdir=/tmp

[Wed Nov 20 22:38:27 2024]
Finished job 123.
3 of 301 steps (1%) done
Select jobs to execute...
Execute 1 jobs...

[Wed Nov 20 22:38:27 2024]
localrule fetch_articles:
    input: data/raw/pmids.xml
    output: data/articles/article-data-39518964.xml
    jobid: 55
    reason: Missing output files: data/articles/article-data-39518964.xml
    wildcards: pmid=39518964
    resources: tmpdir=/tmp

[Wed Nov 20 22:38:32 2024]
Finished job 265.
4 of 301 steps (1%) done
Select jobs to execute...
Execute 1 jobs...

[Wed Nov 20 22:38:32 2024]
localrule fetch_articles:
    input: data/raw/pmids.xml
    output: data/articles/article-data-39477428.xml
    jobid: 115
    reason: Missing output files: data/articles/article-data-39477428.xml
    wildcards: pmid=39477428
    resources: tmpdir=/tmp

[Wed Nov 20 22:38:32 2024]
Finished job 110.
5 of 301 steps (2%) done
Select jobs to execute...
Execute 1 jobs...

[Wed Nov 20 22:38:32 2024]
localrule fetch_articles:
    input: data/raw/pmids.xml
    output: data/articles/article-data-39451477.xml
    jobid: 143
    reason: Missing output files: data/articles/article-data-39451477.xml
    wildcards: pmid=39451477
    resources: tmpdir=/tmp

[Wed Nov 20 22:38:33 2024]
Finished job 50.
6 of 301 steps (2%) done
Select jobs to execute...
Execute 1 jobs...

[Wed Nov 20 22:38:33 2024]
localrule fetch_articles:
    input: data/raw/pmids.xml
    output: data/articles/article-data-39433942.xml
    jobid: 173
    reason: Missing output files: data/articles/article-data-39433942.xml
    wildcards: pmid=39433942
    resources: tmpdir=/tmp

[Wed Nov 20 22:38:38 2024]
Finished job 20.
7 of 301 steps (2%) done
Select jobs to execute...
Execute 1 jobs...

[Wed Nov 20 22:38:38 2024]
localrule fetch_articles:
    input: data/raw/pmids.xml
    output: data/articles/article-data-39478809.xml
    jobid: 113
    reason: Missing output files: data/articles/article-data-39478809.xml
    wildcards: pmid=39478809
    resources: tmpdir=/tmp

[Wed Nov 20 22:38:39 2024]
Finished job 80.
8 of 301 steps (3%) done
Select jobs to execute...
Execute 1 jobs...

[Wed Nov 20 22:38:39 2024]
localrule fetch_articles:
    input: data/raw/pmids.xml
    output: data/articles/article-data-39409138.xml
    jobid: 203
    reason: Missing output files: data/articles/article-data-39409138.xml
    wildcards: pmid=39409138
    resources: tmpdir=/tmp

[Wed Nov 20 22:38:39 2024]
Finished job 140.
9 of 301 steps (3%) done
Select jobs to execute...
Execute 1 jobs...

[Wed Nov 20 22:38:39 2024]
localrule fetch_articles:
    input: data/raw/pmids.xml
    output: data/articles/article-data-39520983.xml
    jobid: 53
    reason: Missing output files: data/articles/article-data-39520983.xml
    wildcards: pmid=39520983
    resources: tmpdir=/tmp

[Wed Nov 20 22:38:44 2024]
Finished job 170.
10 of 301 steps (3%) done
Select jobs to execute...
Execute 1 jobs...

[Wed Nov 20 22:38:44 2024]
localrule fetch_articles:
    input: data/raw/pmids.xml
    output: data/articles/article-data-39385068.xml
    jobid: 233
    reason: Missing output files: data/articles/article-data-39385068.xml
    wildcards: pmid=39385068
    resources: tmpdir=/tmp

[Wed Nov 20 22:38:45 2024]
Finished job 200.
11 of 301 steps (4%) done
Select jobs to execute...
Execute 1 jobs...

[Wed Nov 20 22:38:45 2024]
localrule fetch_articles:
    input: data/raw/pmids.xml
    output: data/articles/article-data-39365220.xml
    jobid: 263
    reason: Missing output files: data/articles/article-data-39365220.xml
    wildcards: pmid=39365220
    resources: tmpdir=/tmp

[Wed Nov 20 22:38:45 2024]
Finished job 230.
12 of 301 steps (4%) done
Select jobs to execute...
Execute 1 jobs...

[Wed Nov 20 22:38:45 2024]
localrule fetch_articles:
    input: data/raw/pmids.xml
    output: data/articles/article-data-39346769.xml
    jobid: 293
    reason: Missing output files: data/articles/article-data-39346769.xml
    wildcards: pmid=39346769
    resources: tmpdir=/tmp

[Wed Nov 20 22:38:51 2024]
Finished job 260.
13 of 301 steps (4%) done
Select jobs to execute...
Execute 1 jobs...

[Wed Nov 20 22:38:51 2024]
localrule fetch_articles:
    input: data/raw/pmids.xml
    output: data/articles/article-data-39497519.xml
    jobid: 83
    reason: Missing output files: data/articles/article-data-39497519.xml
    wildcards: pmid=39497519
    resources: tmpdir=/tmp

[Wed Nov 20 22:38:51 2024]
Finished job 290.
14 of 301 steps (5%) done
Select jobs to execute...
Execute 1 jobs...

[Wed Nov 20 22:38:51 2024]
localrule fetch_articles:
    input: data/raw/pmids.xml
    output: data/articles/article-data-39559556.xml
    jobid: 6
    reason: Missing output files: data/articles/article-data-39559556.xml
    wildcards: pmid=39559556
    resources: tmpdir=/tmp

[Wed Nov 20 22:38:51 2024]
Finished job 93.
15 of 301 steps (5%) done
Select jobs to execute...
Execute 1 jobs...

[Wed Nov 20 22:38:51 2024]
localrule fetch_articles:
    input: data/raw/pmids.xml
    output: data/articles/article-data-39455248.xml
    jobid: 139
    reason: Missing output files: data/articles/article-data-39455248.xml
    wildcards: pmid=39455248
    resources: tmpdir=/tmp

[Wed Nov 20 22:38:52 2024]
Finished job 33.
16 of 301 steps (5%) done
Select jobs to execute...
Execute 1 jobs...

[Wed Nov 20 22:38:52 2024]
localrule fetch_articles:
    input: data/raw/pmids.xml
    output: data/articles/article-data-39434919.xml
    jobid: 169
    reason: Missing output files: data/articles/article-data-39434919.xml
    wildcards: pmid=39434919
    resources: tmpdir=/tmp

[Wed Nov 20 22:38:57 2024]
Finished job 252.
17 of 301 steps (6%) done
Select jobs to execute...
Execute 1 jobs...

[Wed Nov 20 22:38:57 2024]
localrule fetch_articles:
    input: data/raw/pmids.xml
    output: data/articles/article-data-39499751.xml
    jobid: 79
    reason: Missing output files: data/articles/article-data-39499751.xml
    wildcards: pmid=39499751
    resources: tmpdir=/tmp

[Wed Nov 20 22:38:57 2024]
Finished job 282.
18 of 301 steps (6%) done
Select jobs to execute...
Execute 1 jobs...

[Wed Nov 20 22:38:57 2024]
localrule fetch_articles:
    input: data/raw/pmids.xml
    output: data/articles/article-data-39417642.xml
    jobid: 199
    reason: Missing output files: data/articles/article-data-39417642.xml
    wildcards: pmid=39417642
    resources: tmpdir=/tmp

[Wed Nov 20 22:38:58 2024]
Finished job 55.
19 of 301 steps (6%) done
Select jobs to execute...
Execute 1 jobs...

[Wed Nov 20 22:38:58 2024]
localrule fetch_articles:
    input: data/raw/pmids.xml
    output: data/articles/article-data-39389388.xml
    jobid: 229
    reason: Missing output files: data/articles/article-data-39389388.xml
    wildcards: pmid=39389388
    resources: tmpdir=/tmp

[Wed Nov 20 22:39:03 2024]
Finished job 115.
20 of 301 steps (7%) done
Select jobs to execute...
Execute 1 jobs...

[Wed Nov 20 22:39:03 2024]
localrule fetch_articles:
    input: data/raw/pmids.xml
    output: data/articles/article-data-39368535.xml
    jobid: 259
    reason: Missing output files: data/articles/article-data-39368535.xml
    wildcards: pmid=39368535
    resources: tmpdir=/tmp

[Wed Nov 20 22:39:04 2024]
Finished job 143.
21 of 301 steps (7%) done
Select jobs to execute...
Execute 1 jobs...

[Wed Nov 20 22:39:04 2024]
localrule fetch_articles:
    input: data/raw/pmids.xml
    output: data/articles/article-data-39550783.xml
    jobid: 19
    reason: Missing output files: data/articles/article-data-39550783.xml
    wildcards: pmid=39550783
    resources: tmpdir=/tmp

[Wed Nov 20 22:39:04 2024]
Finished job 173.
22 of 301 steps (7%) done
Select jobs to execute...
Execute 1 jobs...

[Wed Nov 20 22:39:04 2024]
localrule fetch_articles:
    input: data/raw/pmids.xml
    output: data/articles/article-data-39349473.xml
    jobid: 289
    reason: Missing output files: data/articles/article-data-39349473.xml
    wildcards: pmid=39349473
    resources: tmpdir=/tmp

[Wed Nov 20 22:39:09 2024]
Finished job 113.
23 of 301 steps (8%) done
Select jobs to execute...
Execute 1 jobs...

[Wed Nov 20 22:39:09 2024]
localrule fetch_articles:
    input: data/raw/pmids.xml
    output: data/articles/article-data-39482903.xml
    jobid: 109
    reason: Missing output files: data/articles/article-data-39482903.xml
    wildcards: pmid=39482903
    resources: tmpdir=/tmp

[Wed Nov 20 22:39:10 2024]
Finished job 203.
24 of 301 steps (8%) done
Select jobs to execute...
Execute 1 jobs...

[Wed Nov 20 22:39:10 2024]
localrule fetch_articles:
    input: data/raw/pmids.xml
    output: data/articles/article-data-39536394.xml
    jobid: 32
    reason: Missing output files: data/articles/article-data-39536394.xml
    wildcards: pmid=39536394
    resources: tmpdir=/tmp

[Wed Nov 20 22:39:10 2024]
Finished job 53.
25 of 301 steps (8%) done
Select jobs to execute...
Execute 1 jobs...

[Wed Nov 20 22:39:10 2024]
localrule fetch_articles:
    input: data/raw/pmids.xml
    output: data/articles/article-data-39529266.xml
    jobid: 49
    reason: Missing output files: data/articles/article-data-39529266.xml
    wildcards: pmid=39529266
    resources: tmpdir=/tmp

[Wed Nov 20 22:39:16 2024]
Finished job 233.
26 of 301 steps (9%) done
Select jobs to execute...
Execute 1 jobs...

[Wed Nov 20 22:39:16 2024]
localrule fetch_articles:
    input: data/raw/pmids.xml
    output: data/articles/article-data-39491570.xml
    jobid: 92
    reason: Missing output files: data/articles/article-data-39491570.xml
    wildcards: pmid=39491570
    resources: tmpdir=/tmp

[Wed Nov 20 22:39:16 2024]
Finished job 263.
27 of 301 steps (9%) done
Select jobs to execute...
Execute 1 jobs...

[Wed Nov 20 22:39:16 2024]
localrule fetch_articles:
    input: data/raw/pmids.xml
    output: data/articles/article-data-39445814.xml
    jobid: 152
    reason: Missing output files: data/articles/article-data-39445814.xml
    wildcards: pmid=39445814
    resources: tmpdir=/tmp

[Wed Nov 20 22:39:16 2024]
Finished job 293.
28 of 301 steps (9%) done
Select jobs to execute...
Execute 1 jobs...

[Wed Nov 20 22:39:16 2024]
localrule fetch_articles:
    input: data/raw/pmids.xml
    output: data/articles/article-data-39399934.xml
    jobid: 212
    reason: Missing output files: data/articles/article-data-39399934.xml
    wildcards: pmid=39399934
    resources: tmpdir=/tmp

[Wed Nov 20 22:39:22 2024]
Finished job 83.
29 of 301 steps (10%) done
Select jobs to execute...
Execute 1 jobs...

[Wed Nov 20 22:39:22 2024]
localrule fetch_articles:
    input: data/raw/pmids.xml
    output: data/articles/article-data-39356507.xml
    jobid: 276
    reason: Missing output files: data/articles/article-data-39356507.xml
    wildcards: pmid=39356507
    resources: tmpdir=/tmp

[Wed Nov 20 22:39:22 2024]
Finished job 6.
30 of 301 steps (10%) done
Select jobs to execute...
Execute 1 jobs...

[Wed Nov 20 22:39:22 2024]
localrule fetch_articles:
    input: data/raw/pmids.xml
    output: data/articles/article-data-39358543.xml
    jobid: 272
    reason: Missing output files: data/articles/article-data-39358543.xml
    wildcards: pmid=39358543
    resources: tmpdir=/tmp

[Wed Nov 20 22:39:22 2024]
Finished job 139.
31 of 301 steps (10%) done
Select jobs to execute...
Execute 1 jobs...

[Wed Nov 20 22:39:22 2024]
localrule fetch_articles:
    input: data/raw/pmids.xml
    output: data/articles/article-data-39376493.xml
    jobid: 246
    reason: Missing output files: data/articles/article-data-39376493.xml
    wildcards: pmid=39376493
    resources: tmpdir=/tmp

[Wed Nov 20 22:39:23 2024]
Finished job 169.
32 of 301 steps (11%) done
Select jobs to execute...
Execute 1 jobs...

[Wed Nov 20 22:39:23 2024]
localrule fetch_articles:
    input: data/raw/pmids.xml
    output: data/articles/article-data-39562810.xml
    jobid: 2
    reason: Missing output files: data/articles/article-data-39562810.xml
    wildcards: pmid=39562810
    resources: tmpdir=/tmp

[Wed Nov 20 22:39:23 2024]
Finished job 79.
33 of 301 steps (11%) done
Select jobs to execute...
Execute 1 jobs...

[Wed Nov 20 22:39:23 2024]
localrule fetch_articles:
    input: data/raw/pmids.xml
    output: data/articles/article-data-39396825.xml
    jobid: 216
    reason: Missing output files: data/articles/article-data-39396825.xml
    wildcards: pmid=39396825
    resources: tmpdir=/tmp

[Wed Nov 20 22:39:29 2024]
Finished job 199.
34 of 301 steps (11%) done
Select jobs to execute...
Execute 1 jobs...

[Wed Nov 20 22:39:29 2024]
localrule fetch_articles:
    input: data/raw/pmids.xml
    output: data/articles/article-data-39515869.xml
    jobid: 62
    reason: Missing output files: data/articles/article-data-39515869.xml
    wildcards: pmid=39515869
    resources: tmpdir=/tmp

[Wed Nov 20 22:39:29 2024]
Finished job 229.
35 of 301 steps (12%) done
Select jobs to execute...
Execute 1 jobs...

[Wed Nov 20 22:39:29 2024]
localrule fetch_articles:
    input: data/raw/pmids.xml
    output: data/articles/article-data-39471195.xml
    jobid: 122
    reason: Missing output files: data/articles/article-data-39471195.xml
    wildcards: pmid=39471195
    resources: tmpdir=/tmp

[Wed Nov 20 22:39:29 2024]
Finished job 259.
36 of 301 steps (12%) done
Select jobs to execute...
Execute 1 jobs...

[Wed Nov 20 22:39:29 2024]
localrule fetch_articles:
    input: data/raw/pmids.xml
    output: data/articles/article-data-39426876.xml
    jobid: 182
    reason: Missing output files: data/articles/article-data-39426876.xml
    wildcards: pmid=39426876
    resources: tmpdir=/tmp

[Wed Nov 20 22:39:35 2024]
Finished job 19.
37 of 301 steps (12%) done
Select jobs to execute...
Execute 1 jobs...

[Wed Nov 20 22:39:35 2024]
localrule fetch_articles:
    input: data/raw/pmids.xml
    output: data/articles/article-data-39424264.xml
    jobid: 186
    reason: Missing output files: data/articles/article-data-39424264.xml
    wildcards: pmid=39424264
    resources: tmpdir=/tmp

[Wed Nov 20 22:39:35 2024]
Finished job 289.
38 of 301 steps (13%) done
Select jobs to execute...
Execute 1 jobs...

[Wed Nov 20 22:39:35 2024]
localrule fetch_articles:
    input: data/raw/pmids.xml
    output: data/articles/article-data-39379918.xml
    jobid: 242
    reason: Missing output files: data/articles/article-data-39379918.xml
    wildcards: pmid=39379918
    resources: tmpdir=/tmp

[Wed Nov 20 22:39:35 2024]
Finished job 109.
39 of 301 steps (13%) done
Select jobs to execute...
Execute 1 jobs...

[Wed Nov 20 22:39:35 2024]
localrule fetch_articles:
    input: data/raw/pmids.xml
    output: data/articles/article-data-39443935.xml
    jobid: 156
    reason: Missing output files: data/articles/article-data-39443935.xml
    wildcards: pmid=39443935
    resources: tmpdir=/tmp

[Wed Nov 20 22:39:41 2024]
Finished job 32.
40 of 301 steps (13%) done
Select jobs to execute...
Execute 1 jobs...

[Wed Nov 20 22:39:41 2024]
localrule fetch_articles:
    input: data/raw/pmids.xml
    output: data/articles/article-data-39504683.xml
    jobid: 75
    reason: Missing output files: data/articles/article-data-39504683.xml
    wildcards: pmid=39504683
    resources: tmpdir=/tmp

[Wed Nov 20 22:39:41 2024]
Finished job 49.
41 of 301 steps (14%) done
Select jobs to execute...
Execute 1 jobs...

[Wed Nov 20 22:39:41 2024]
localrule fetch_articles:
    input: data/raw/pmids.xml
    output: data/articles/article-data-39430651.xml
    jobid: 175
    reason: Missing output files: data/articles/article-data-39430651.xml
    wildcards: pmid=39430651
    resources: tmpdir=/tmp

[Wed Nov 20 22:39:41 2024]
Finished job 92.
42 of 301 steps (14%) done
Select jobs to execute...
Execute 1 jobs...

[Wed Nov 20 22:39:41 2024]
localrule fetch_articles:
    input: data/raw/pmids.xml
    output: data/articles/article-data-39382809.xml
    jobid: 235
    reason: Missing output files: data/articles/article-data-39382809.xml
    wildcards: pmid=39382809
    resources: tmpdir=/tmp

[Wed Nov 20 22:39:47 2024]
Finished job 152.
43 of 301 steps (14%) done
Select jobs to execute...
Execute 1 jobs...

[Wed Nov 20 22:39:47 2024]
localrule fetch_articles:
    input: data/raw/pmids.xml
    output: data/articles/article-data-39345136.xml
    jobid: 295
    reason: Missing output files: data/articles/article-data-39345136.xml
    wildcards: pmid=39345136
    resources: tmpdir=/tmp

[Wed Nov 20 22:39:47 2024]
Finished job 212.
44 of 301 steps (15%) done
Select jobs to execute...
Execute 1 jobs...

[Wed Nov 20 22:39:47 2024]
localrule fetch_articles:
    input: data/raw/pmids.xml
    output: data/articles/article-data-39545965.xml
    jobid: 25
    reason: Missing output files: data/articles/article-data-39545965.xml
    wildcards: pmid=39545965
    resources: tmpdir=/tmp

[Wed Nov 20 22:39:48 2024]
Finished job 276.
45 of 301 steps (15%) done
Select jobs to execute...
Execute 1 jobs...

[Wed Nov 20 22:39:48 2024]
localrule fetch_articles:
    input: data/raw/pmids.xml
    output: data/articles/article-data-39488359.xml
    jobid: 105
    reason: Missing output files: data/articles/article-data-39488359.xml
    wildcards: pmid=39488359
    resources: tmpdir=/tmp

[Wed Nov 20 22:39:53 2024]
Finished job 272.
46 of 301 steps (15%) done
Select jobs to execute...
Execute 1 jobs...

[Wed Nov 20 22:39:53 2024]
localrule fetch_articles:
    input: data/raw/pmids.xml
    output: data/articles/article-data-39435694.xml
    jobid: 165
    reason: Missing output files: data/articles/article-data-39435694.xml
    wildcards: pmid=39435694
    resources: tmpdir=/tmp

[Wed Nov 20 22:39:53 2024]
Finished job 246.
47 of 301 steps (16%) done
Select jobs to execute...
Execute 1 jobs...

[Wed Nov 20 22:39:53 2024]
localrule fetch_articles:
    input: data/raw/pmids.xml
    output: data/articles/article-data-39524607.xml
    jobid: 45
    reason: Missing output files: data/articles/article-data-39524607.xml
    wildcards: pmid=39524607
    resources: tmpdir=/tmp

[Wed Nov 20 22:39:54 2024]
Finished job 2.
48 of 301 steps (16%) done
Select jobs to execute...
Execute 1 jobs...

[Wed Nov 20 22:39:54 2024]
localrule fetch_articles:
    input: data/raw/pmids.xml
    output: data/articles/article-data-39418956.xml
    jobid: 195
    reason: Missing output files: data/articles/article-data-39418956.xml
    wildcards: pmid=39418956
    resources: tmpdir=/tmp

[Wed Nov 20 22:40:00 2024]
Finished job 216.
49 of 301 steps (16%) done
Select jobs to execute...
Execute 1 jobs...

[Wed Nov 20 22:40:00 2024]
localrule fetch_articles:
    input: data/raw/pmids.xml
    output: data/articles/article-data-39457266.xml
    jobid: 135
    reason: Missing output files: data/articles/article-data-39457266.xml
    wildcards: pmid=39457266
    resources: tmpdir=/tmp

[Wed Nov 20 22:40:00 2024]
Finished job 62.
50 of 301 steps (17%) done
Select jobs to execute...
Execute 1 jobs...

[Wed Nov 20 22:40:00 2024]
localrule fetch_articles:
    input: data/raw/pmids.xml
    output: data/articles/article-data-39369845.xml
    jobid: 255
    reason: Missing output files: data/articles/article-data-39369845.xml
    wildcards: pmid=39369845
    resources: tmpdir=/tmp

[Wed Nov 20 22:40:00 2024]
Finished job 122.
51 of 301 steps (17%) done
Select jobs to execute...
Execute 1 jobs...

[Wed Nov 20 22:40:00 2024]
localrule fetch_articles:
    input: data/raw/pmids.xml
    output: data/articles/article-data-39391317.xml
    jobid: 225
    reason: Missing output files: data/articles/article-data-39391317.xml
    wildcards: pmid=39391317
    resources: tmpdir=/tmp

[Wed Nov 20 22:40:00 2024]
Finished job 182.
52 of 301 steps (17%) done
Select jobs to execute...
Execute 1 jobs...

[Wed Nov 20 22:40:00 2024]
localrule fetch_articles:
    input: data/raw/pmids.xml
    output: data/articles/article-data-39350082.xml
    jobid: 285
    reason: Missing output files: data/articles/article-data-39350082.xml
    wildcards: pmid=39350082
    resources: tmpdir=/tmp

[Wed Nov 20 22:40:06 2024]
Finished job 186.
53 of 301 steps (18%) done
Select jobs to execute...
Execute 1 jobs...

[Wed Nov 20 22:40:06 2024]
localrule fetch_articles:
    input: data/raw/pmids.xml
    output: data/articles/article-data-39552393.xml
    jobid: 15
    reason: Missing output files: data/articles/article-data-39552393.xml
    wildcards: pmid=39552393
    resources: tmpdir=/tmp

[Wed Nov 20 22:40:06 2024]
Finished job 242.
54 of 301 steps (18%) done
Select jobs to execute...
Execute 1 jobs...

[Wed Nov 20 22:40:06 2024]
localrule fetch_articles:
    input: data/raw/pmids.xml
    output: data/articles/article-data-39516956.xml
    jobid: 58
    reason: Missing output files: data/articles/article-data-39516956.xml
    wildcards: pmid=39516956
    resources: tmpdir=/tmp

[Wed Nov 20 22:40:07 2024]
Finished job 156.
55 of 301 steps (18%) done
Select jobs to execute...
Execute 1 jobs...

[Wed Nov 20 22:40:07 2024]
localrule fetch_articles:
    input: data/raw/pmids.xml
    output: data/articles/article-data-39489522.xml
    jobid: 96
    reason: Missing output files: data/articles/article-data-39489522.xml
    wildcards: pmid=39489522
    resources: tmpdir=/tmp

[Wed Nov 20 22:40:12 2024]
Finished job 75.
56 of 301 steps (19%) done
Select jobs to execute...
Execute 1 jobs...

[Wed Nov 20 22:40:12 2024]
localrule fetch_articles:
    input: data/raw/pmids.xml
    output: data/articles/article-data-39474148.xml
    jobid: 118
    reason: Missing output files: data/articles/article-data-39474148.xml
    wildcards: pmid=39474148
    resources: tmpdir=/tmp

[Wed Nov 20 22:40:12 2024]
Finished job 175.
57 of 301 steps (19%) done
Select jobs to execute...
Execute 1 jobs...

[Wed Nov 20 22:40:12 2024]
localrule fetch_articles:
    input: data/raw/pmids.xml
    output: data/articles/article-data-39536120.xml
    jobid: 36
    reason: Missing output files: data/articles/article-data-39536120.xml
    wildcards: pmid=39536120
    resources: tmpdir=/tmp

[Wed Nov 20 22:40:13 2024]
Finished job 235.
58 of 301 steps (19%) done
Select jobs to execute...
Execute 1 jobs...

[Wed Nov 20 22:40:13 2024]
localrule fetch_articles:
    input: data/raw/pmids.xml
    output: data/articles/article-data-39429741.xml
    jobid: 178
    reason: Missing output files: data/articles/article-data-39429741.xml
    wildcards: pmid=39429741
    resources: tmpdir=/tmp

[Wed Nov 20 22:40:18 2024]
Finished job 295.
59 of 301 steps (20%) done
Select jobs to execute...
Execute 1 jobs...

[Wed Nov 20 22:40:18 2024]
localrule fetch_articles:
    input: data/raw/pmids.xml
    output: data/articles/article-data-39381546.xml
    jobid: 238
    reason: Missing output files: data/articles/article-data-39381546.xml
    wildcards: pmid=39381546
    resources: tmpdir=/tmp

[Wed Nov 20 22:40:19 2024]
Finished job 25.
60 of 301 steps (20%) done
Select jobs to execute...
Execute 1 jobs...

[Wed Nov 20 22:40:19 2024]
localrule fetch_articles:
    input: data/raw/pmids.xml
    output: data/articles/article-data-39340624.xml
    jobid: 298
    reason: Missing output files: data/articles/article-data-39340624.xml
    wildcards: pmid=39340624
    resources: tmpdir=/tmp

[Wed Nov 20 22:40:19 2024]
Finished job 105.
61 of 301 steps (20%) done
Select jobs to execute...
Execute 1 jobs...

[Wed Nov 20 22:40:19 2024]
localrule fetch_articles:
    input: data/raw/pmids.xml
    output: data/articles/article-data-39468090.xml
    jobid: 126
    reason: Missing output files: data/articles/article-data-39468090.xml
    wildcards: pmid=39468090
    resources: tmpdir=/tmp

[Wed Nov 20 22:40:24 2024]
Finished job 165.
62 of 301 steps (21%) done
Select jobs to execute...
Execute 1 jobs...

[Wed Nov 20 22:40:24 2024]
localrule fetch_articles:
    input: data/raw/pmids.xml
    output: data/articles/article-data-39542232.xml
    jobid: 28
    reason: Missing output files: data/articles/article-data-39542232.xml
    wildcards: pmid=39542232
    resources: tmpdir=/tmp

[Wed Nov 20 22:40:25 2024]
Finished job 45.
63 of 301 steps (21%) done
Select jobs to execute...
Execute 1 jobs...

[Wed Nov 20 22:40:25 2024]
localrule fetch_articles:
    input: data/raw/pmids.xml
    output: data/articles/article-data-39511082.xml
    jobid: 66
    reason: Missing output files: data/articles/article-data-39511082.xml
    wildcards: pmid=39511082
    resources: tmpdir=/tmp

[Wed Nov 20 22:40:25 2024]
Finished job 195.
64 of 301 steps (21%) done
Select jobs to execute...
Execute 1 jobs...

[Wed Nov 20 22:40:25 2024]
localrule fetch_articles:
    input: data/raw/pmids.xml
    output: data/articles/article-data-39495479.xml
    jobid: 88
    reason: Missing output files: data/articles/article-data-39495479.xml
    wildcards: pmid=39495479
    resources: tmpdir=/tmp

[Wed Nov 20 22:40:31 2024]
Finished job 135.
65 of 301 steps (22%) done
Select jobs to execute...
Execute 1 jobs...

[Wed Nov 20 22:40:31 2024]
localrule fetch_articles:
    input: data/raw/pmids.xml
    output: data/articles/article-data-39549783.xml
    jobid: 23
    reason: Missing output files: data/articles/article-data-39549783.xml
    wildcards: pmid=39549783
    resources: tmpdir=/tmp

[Wed Nov 20 22:40:31 2024]
Finished job 255.
66 of 301 steps (22%) done
Select jobs to execute...
Execute 1 jobs...

[Wed Nov 20 22:40:31 2024]
localrule fetch_articles:
    input: data/raw/pmids.xml
    output: data/articles/article-data-39447830.xml
    jobid: 148
    reason: Missing output files: data/articles/article-data-39447830.xml
    wildcards: pmid=39447830
    resources: tmpdir=/tmp

[Wed Nov 20 22:40:31 2024]
Finished job 225.
67 of 301 steps (22%) done
Select jobs to execute...
Execute 1 jobs...

[Wed Nov 20 22:40:31 2024]
localrule fetch_articles:
    input: data/raw/pmids.xml
    output: data/articles/article-data-39402206.xml
    jobid: 208
    reason: Missing output files: data/articles/article-data-39402206.xml
    wildcards: pmid=39402206
    resources: tmpdir=/tmp

Terminating processes on user request, this might take some time.
[Wed Nov 20 22:40:32 2024]
[Wed Nov 20 22:40:32 2024]
Error in rule fetch_articles:
    jobid: 126
    input: data/raw/pmids.xml
    output: data/articles/article-data-39468090.xml
    shell:
        
        bash scripts/fetch_articles.sh "39468090" "data/articles/article-data-39468090.xml"
        
        (one of the commands exited with non-zero exit code; note that snakemake uses bash strict mode!)

[Wed Nov 20 22:40:32 2024]
[Wed Nov 20 22:40:32 2024]
[Wed Nov 20 22:40:32 2024]
Error in rule fetch_articles:
    jobid: 178
    input: data/raw/pmids.xml
    output: data/articles/article-data-39429741.xml
    shell:
        
        bash scripts/fetch_articles.sh "39429741" "data/articles/article-data-39429741.xml"
        
        (one of the commands exited with non-zero exit code; note that snakemake uses bash strict mode!)

[Wed Nov 20 22:40:32 2024]
[Wed Nov 20 22:40:32 2024]
[Wed Nov 20 22:40:32 2024]
[Wed Nov 20 22:40:32 2024]
[Wed Nov 20 22:40:32 2024]
Error in rule fetch_articles:
    jobid: 96
    input: data/raw/pmids.xml
    output: data/articles/article-data-39489522.xml
    shell:
        
        bash scripts/fetch_articles.sh "39489522" "data/articles/article-data-39489522.xml"
        
        (one of the commands exited with non-zero exit code; note that snakemake uses bash strict mode!)

[Wed Nov 20 22:40:32 2024]
[Wed Nov 20 22:40:32 2024]
[Wed Nov 20 22:40:32 2024]
Error in rule fetch_articles:
    jobid: 23
    input: data/raw/pmids.xml
    output: data/articles/article-data-39549783.xml
    shell:
        
        bash scripts/fetch_articles.sh "39549783" "data/articles/article-data-39549783.xml"
        
        (one of the commands exited with non-zero exit code; note that snakemake uses bash strict mode!)

[Wed Nov 20 22:40:32 2024]
[Wed Nov 20 22:40:32 2024]
Error in rule fetch_articles:
    jobid: 15
    input: data/raw/pmids.xml
    output: data/articles/article-data-39552393.xml
    shell:
        
        bash scripts/fetch_articles.sh "39552393" "data/articles/article-data-39552393.xml"
        
        (one of the commands exited with non-zero exit code; note that snakemake uses bash strict mode!)

[Wed Nov 20 22:40:32 2024]
Error in rule fetch_articles:
    jobid: 66
    input: data/raw/pmids.xml
    output: data/articles/article-data-39511082.xml
    shell:
        
        bash scripts/fetch_articles.sh "39511082" "data/articles/article-data-39511082.xml"
        
        (one of the commands exited with non-zero exit code; note that snakemake uses bash strict mode!)

Error in rule fetch_articles:
    jobid: 208
    input: data/raw/pmids.xml
    output: data/articles/article-data-39402206.xml
    shell:
        
        bash scripts/fetch_articles.sh "39402206" "data/articles/article-data-39402206.xml"
        
        (one of the commands exited with non-zero exit code; note that snakemake uses bash strict mode!)

Error in rule fetch_articles:
    jobid: 36
    input: data/raw/pmids.xml
    output: data/articles/article-data-39536120.xml
    shell:
        
        bash scripts/fetch_articles.sh "39536120" "data/articles/article-data-39536120.xml"
        
        (one of the commands exited with non-zero exit code; note that snakemake uses bash strict mode!)

Error in rule fetch_articles:
    jobid: 28
    input: data/raw/pmids.xml
    output: data/articles/article-data-39542232.xml
    shell:
        
        bash scripts/fetch_articles.sh "39542232" "data/articles/article-data-39542232.xml"
        
        (one of the commands exited with non-zero exit code; note that snakemake uses bash strict mode!)

Error in rule fetch_articles:
    jobid: 285
    input: data/raw/pmids.xml
    output: data/articles/article-data-39350082.xml
    shell:
        
        bash scripts/fetch_articles.sh "39350082" "data/articles/article-data-39350082.xml"
        
        (one of the commands exited with non-zero exit code; note that snakemake uses bash strict mode!)

Error in rule fetch_articles:
    jobid: 298
    input: data/raw/pmids.xml
    output: data/articles/article-data-39340624.xml
    shell:
        
        bash scripts/fetch_articles.sh "39340624" "data/articles/article-data-39340624.xml"
        
        (one of the commands exited with non-zero exit code; note that snakemake uses bash strict mode!)

Error in rule fetch_articles:
    jobid: 58
    input: data/raw/pmids.xml
    output: data/articles/article-data-39516956.xml
    shell:
        
        bash scripts/fetch_articles.sh "39516956" "data/articles/article-data-39516956.xml"
        
        (one of the commands exited with non-zero exit code; note that snakemake uses bash strict mode!)

Error in rule fetch_articles:
    jobid: 118
    input: data/raw/pmids.xml
    output: data/articles/article-data-39474148.xml
    shell:
        
        bash scripts/fetch_articles.sh "39474148" "data/articles/article-data-39474148.xml"
        
        (one of the commands exited with non-zero exit code; note that snakemake uses bash strict mode!)

Error in rule fetch_articles:
    jobid: 88
    input: data/raw/pmids.xml
    output: data/articles/article-data-39495479.xml
    shell:
        
        bash scripts/fetch_articles.sh "39495479" "data/articles/article-data-39495479.xml"
        
        (one of the commands exited with non-zero exit code; note that snakemake uses bash strict mode!)

Error in rule fetch_articles:
    jobid: 238
    input: data/raw/pmids.xml
    output: data/articles/article-data-39381546.xml
    shell:
        
        bash scripts/fetch_articles.sh "39381546" "data/articles/article-data-39381546.xml"
        
        (one of the commands exited with non-zero exit code; note that snakemake uses bash strict mode!)

Error in rule fetch_articles:
    jobid: 148
    input: data/raw/pmids.xml
    output: data/articles/article-data-39447830.xml
    shell:
        
        bash scripts/fetch_articles.sh "39447830" "data/articles/article-data-39447830.xml"
        
        (one of the commands exited with non-zero exit code; note that snakemake uses bash strict mode!)

Complete log: .snakemake/log/2024-11-20T223823.002676.snakemake.log
WorkflowError:
At least one job did not complete successfully.
