host: Fan
Building DAG of jobs...
Using shell: /usr/bin/bash
Provided cores: 16
Rules claiming more threads will be scaled down.
Job stats:
job                 count
----------------  -------
all                     1
clean_titles            1
fetch_data              1
process_articles        1
total                   4

Select jobs to execute...
Execute 1 jobs...

[Thu Nov 21 19:25:13 2024]
localrule fetch_data:
    output: data/raw/pmids.xml, logs/fetch_data.log
    jobid: 1
    reason: Missing output files: logs/fetch_data.log, data/raw/pmids.xml
    resources: tmpdir=/tmp

Terminating processes on user request, this might take some time.
[Thu Nov 21 19:25:26 2024]
Error in rule fetch_data:
    jobid: 1
    output: data/raw/pmids.xml, logs/fetch_data.log
    shell:
        
        bash scripts/fetch_data.sh 'long%20covid' 10000 data/raw data/articles
        
        (one of the commands exited with non-zero exit code; note that snakemake uses bash strict mode!)

Complete log: .snakemake/log/2024-11-21T192513.623948.snakemake.log
WorkflowError:
At least one job did not complete successfully.
