host: Fan
Building DAG of jobs...
Using shell: /usr/bin/bash
Provided cores: 16
Rules claiming more threads will be scaled down.
Job stats:
job          count
---------  -------
cleanplot        1
total            1

Select jobs to execute...
Execute 1 jobs...

[Sat Nov 23 17:16:36 2024]
localrule cleanplot:
    jobid: 0
    reason: Rules with neither input nor output files are always executed.
    resources: tmpdir=/tmp

[Sat Nov 23 17:16:36 2024]
Finished job 0.
1 of 1 steps (100%) done
Complete log: .snakemake/log/2024-11-23T171636.880590.snakemake.log
