host: Fan
Building DAG of jobs...
Using shell: /usr/bin/bash
Provided cores: 16
Rules claiming more threads will be scaled down.
Job stats:
job                 count
----------------  -------
all                     1
clean_titles            1
fetch_data              1
process_articles        1
total                   4

Select jobs to execute...
Execute 1 jobs...

[Sat Nov 23 17:49:00 2024]
localrule fetch_data:
    output: data/raw/pmids/pmids.xml, logs/fetch_data.log
    jobid: 1
    reason: Missing output files: data/raw/pmids/pmids.xml, logs/fetch_data.log
    resources: tmpdir=/tmp

[Sat Nov 23 17:49:08 2024]
Finished job 1.
1 of 4 steps (25%) done
Select jobs to execute...
Execute 1 jobs...

[Sat Nov 23 17:49:08 2024]
localrule process_articles:
    input: logs/fetch_data.log
    output: data/raw/processed/articles.tsv, logs/process_articles.log
    jobid: 2
    reason: Missing output files: data/raw/processed/articles.tsv, logs/process_articles.log; Input files updated by another job: logs/fetch_data.log
    resources: tmpdir=/tmp

[Sat Nov 23 17:49:09 2024]
Finished job 2.
2 of 4 steps (50%) done
Select jobs to execute...
Execute 1 jobs...

[Sat Nov 23 17:49:09 2024]
localrule clean_titles:
    input: logs/process_articles.log, data/raw/processed/articles.tsv
    output: data/clean/cleaned_articles.tsv, logs/clean_titles.log
    jobid: 3
    reason: Missing output files: data/clean/cleaned_articles.tsv; Input files updated by another job: data/raw/processed/articles.tsv, logs/process_articles.log
    resources: tmpdir=/tmp

[Sat Nov 23 17:49:10 2024]
Finished job 3.
3 of 4 steps (75%) done
Select jobs to execute...
Execute 1 jobs...

[Sat Nov 23 17:49:10 2024]
localrule all:
    input: data/raw/pmids/pmids.xml, data/raw/processed/articles.tsv, data/clean/cleaned_articles.tsv
    jobid: 0
    reason: Input files updated by another job: data/raw/processed/articles.tsv, data/raw/pmids/pmids.xml, data/clean/cleaned_articles.tsv
    resources: tmpdir=/tmp

[Sat Nov 23 17:49:10 2024]
Finished job 0.
4 of 4 steps (100%) done
Complete log: .snakemake/log/2024-11-23T174900.070484.snakemake.log
