host: Fan
Building DAG of jobs...
Using shell: /usr/bin/bash
Provided cores: 16
Rules claiming more threads will be scaled down.
Job stats:
job                 count
----------------  -------
all                     1
fetch_data              1
process_articles        1
total                   3

Select jobs to execute...
Execute 2 jobs...

[Thu Nov 21 12:37:51 2024]
localrule fetch_data:
    output: data/raw/pmids.xml, logs/fetch_data.log
    jobid: 1
    reason: Missing output files: data/raw/pmids.xml
    resources: tmpdir=/tmp


[Thu Nov 21 12:37:51 2024]
localrule process_articles:
    output: data/processed/articles.tsv, logs/process_articles.log
    jobid: 2
    reason: Missing output files: data/processed/articles.tsv
    resources: tmpdir=/tmp

[Thu Nov 21 12:37:52 2024]
Finished job 2.
1 of 3 steps (33%) done
[Thu Nov 21 12:38:11 2024]
Finished job 1.
2 of 3 steps (67%) done
Select jobs to execute...
Execute 1 jobs...

[Thu Nov 21 12:38:11 2024]
localrule all:
    input: data/raw/pmids.xml, data/processed/articles.tsv
    jobid: 0
    reason: Input files updated by another job: data/raw/pmids.xml, data/processed/articles.tsv
    resources: tmpdir=/tmp

[Thu Nov 21 12:38:11 2024]
Finished job 0.
3 of 3 steps (100%) done
Complete log: .snakemake/log/2024-11-21T123751.972007.snakemake.log
