host: Fan
Building DAG of jobs...
Using shell: /usr/bin/bash
Provided cores: 16
Rules claiming more threads will be scaled down.
Job stats:
job      count
-----  -------
all          1
plot         1
total        2

Select jobs to execute...
Execute 1 jobs...

[Wed Nov 20 10:49:43 2024]
localrule plot:
    input: intermediates/plot_df.csv
    output: results/fig-simple.png
    jobid: 1
    reason: Missing output files: results/fig-simple.png
    resources: tmpdir=/tmp

[Wed Nov 20 10:49:44 2024]
Finished job 1.
1 of 2 steps (50%) done
Select jobs to execute...
Execute 1 jobs...

[Wed Nov 20 10:49:44 2024]
localrule all:
    input: results/fig-simple.png
    jobid: 0
    reason: Input files updated by another job: results/fig-simple.png
    resources: tmpdir=/tmp

[Wed Nov 20 10:49:44 2024]
Finished job 0.
2 of 2 steps (100%) done
Complete log: .snakemake/log/2024-11-20T104943.207567.snakemake.log
