host: Fan
Building DAG of jobs...
Using shell: /usr/bin/bash
Provided cores: 1 (use --cores to define parallelism)
Rules claiming more threads will be scaled down.
Job stats:
job                 count
----------------  -------
fetch_articles         25
process_articles        1
total                  26

Select jobs to execute...
Execute 1 jobs...

[Wed Nov 20 21:36:37 2024]
localrule fetch_articles:
    input: data/raw/pmids.xml
    output: data/articles/article-data-39551591.xml
    jobid: 17
    reason: Missing output files: data/articles/article-data-39551591.xml
    wildcards: pmid=39551591
    resources: tmpdir=/tmp

[Wed Nov 20 21:36:39 2024]
Finished job 17.
1 of 26 steps (4%) done
Select jobs to execute...
Execute 1 jobs...

[Wed Nov 20 21:36:39 2024]
localrule fetch_articles:
    input: data/raw/pmids.xml
    output: data/articles/article-data-39551951.xml
    jobid: 16
    reason: Missing output files: data/articles/article-data-39551951.xml
    wildcards: pmid=39551951
    resources: tmpdir=/tmp

[Wed Nov 20 21:36:40 2024]
Finished job 16.
2 of 26 steps (8%) done
Select jobs to execute...
Execute 1 jobs...

[Wed Nov 20 21:36:40 2024]
localrule fetch_articles:
    input: data/raw/pmids.xml
    output: data/articles/article-data-39552393.xml
    jobid: 15
    reason: Missing output files: data/articles/article-data-39552393.xml
    wildcards: pmid=39552393
    resources: tmpdir=/tmp

[Wed Nov 20 21:36:42 2024]
Finished job 15.
3 of 26 steps (12%) done
Select jobs to execute...
Execute 1 jobs...

[Wed Nov 20 21:36:42 2024]
localrule fetch_articles:
    input: data/raw/pmids.xml
    output: data/articles/article-data-39553000.xml
    jobid: 14
    reason: Missing output files: data/articles/article-data-39553000.xml
    wildcards: pmid=39553000
    resources: tmpdir=/tmp

[Wed Nov 20 21:36:43 2024]
Finished job 14.
4 of 26 steps (15%) done
Select jobs to execute...
Execute 1 jobs...

[Wed Nov 20 21:36:43 2024]
localrule fetch_articles:
    input: data/raw/pmids.xml
    output: data/articles/article-data-39554298.xml
    jobid: 13
    reason: Missing output files: data/articles/article-data-39554298.xml
    wildcards: pmid=39554298
    resources: tmpdir=/tmp

[Wed Nov 20 21:36:44 2024]
Finished job 13.
5 of 26 steps (19%) done
Select jobs to execute...
Execute 1 jobs...

[Wed Nov 20 21:36:44 2024]
localrule fetch_articles:
    input: data/raw/pmids.xml
    output: data/articles/article-data-39556251.xml
    jobid: 12
    reason: Missing output files: data/articles/article-data-39556251.xml
    wildcards: pmid=39556251
    resources: tmpdir=/tmp

[Wed Nov 20 21:36:46 2024]
Finished job 12.
6 of 26 steps (23%) done
Select jobs to execute...
Execute 1 jobs...

[Wed Nov 20 21:36:46 2024]
localrule fetch_articles:
    input: data/raw/pmids.xml
    output: data/articles/article-data-39557089.xml
    jobid: 11
    reason: Missing output files: data/articles/article-data-39557089.xml
    wildcards: pmid=39557089
    resources: tmpdir=/tmp

[Wed Nov 20 21:36:47 2024]
Finished job 11.
7 of 26 steps (27%) done
Select jobs to execute...
Execute 1 jobs...

[Wed Nov 20 21:36:47 2024]
localrule fetch_articles:
    input: data/raw/pmids.xml
    output: data/articles/article-data-39550105.xml
    jobid: 21
    reason: Missing output files: data/articles/article-data-39550105.xml
    wildcards: pmid=39550105
    resources: tmpdir=/tmp

[Wed Nov 20 21:36:49 2024]
Finished job 21.
8 of 26 steps (31%) done
Select jobs to execute...
Execute 1 jobs...

[Wed Nov 20 21:36:49 2024]
localrule fetch_articles:
    input: data/raw/pmids.xml
    output: data/articles/article-data-39559556.xml
    jobid: 6
    reason: Missing output files: data/articles/article-data-39559556.xml
    wildcards: pmid=39559556
    resources: tmpdir=/tmp

[Wed Nov 20 21:36:50 2024]
Finished job 6.
9 of 26 steps (35%) done
Select jobs to execute...
Execute 1 jobs...

[Wed Nov 20 21:36:50 2024]
localrule fetch_articles:
    input: data/raw/pmids.xml
    output: data/articles/article-data-39558250.xml
    jobid: 9
    reason: Missing output files: data/articles/article-data-39558250.xml
    wildcards: pmid=39558250
    resources: tmpdir=/tmp

[Wed Nov 20 21:36:51 2024]
Finished job 9.
10 of 26 steps (38%) done
Select jobs to execute...
Execute 1 jobs...

[Wed Nov 20 21:36:51 2024]
localrule fetch_articles:
    input: data/raw/pmids.xml
    output: data/articles/article-data-39544193.xml
    jobid: 26
    reason: Missing output files: data/articles/article-data-39544193.xml
    wildcards: pmid=39544193
    resources: tmpdir=/tmp

[Wed Nov 20 21:36:53 2024]
Finished job 26.
11 of 26 steps (42%) done
Select jobs to execute...
Execute 1 jobs...

[Wed Nov 20 21:36:53 2024]
localrule fetch_articles:
    input: data/raw/pmids.xml
    output: data/articles/article-data-39551439.xml
    jobid: 18
    reason: Missing output files: data/articles/article-data-39551439.xml
    wildcards: pmid=39551439
    resources: tmpdir=/tmp

[Wed Nov 20 21:36:54 2024]
Finished job 18.
12 of 26 steps (46%) done
Select jobs to execute...
Execute 1 jobs...

[Wed Nov 20 21:36:54 2024]
localrule fetch_articles:
    input: data/raw/pmids.xml
    output: data/articles/article-data-39558820.xml
    jobid: 7
    reason: Missing output files: data/articles/article-data-39558820.xml
    wildcards: pmid=39558820
    resources: tmpdir=/tmp

[Wed Nov 20 21:36:56 2024]
Finished job 7.
13 of 26 steps (50%) done
Select jobs to execute...
Execute 1 jobs...

[Wed Nov 20 21:36:56 2024]
localrule fetch_articles:
    input: data/raw/pmids.xml
    output: data/articles/article-data-39549937.xml
    jobid: 22
    reason: Missing output files: data/articles/article-data-39549937.xml
    wildcards: pmid=39549937
    resources: tmpdir=/tmp

[Wed Nov 20 21:36:57 2024]
Finished job 22.
14 of 26 steps (54%) done
Select jobs to execute...
Execute 1 jobs...

[Wed Nov 20 21:36:57 2024]
localrule fetch_articles:
    input: data/raw/pmids.xml
    output: data/articles/article-data-39557995.xml
    jobid: 10
    reason: Missing output files: data/articles/article-data-39557995.xml
    wildcards: pmid=39557995
    resources: tmpdir=/tmp

[Wed Nov 20 21:36:58 2024]
Finished job 10.
15 of 26 steps (58%) done
Select jobs to execute...
Execute 1 jobs...

[Wed Nov 20 21:36:59 2024]
localrule fetch_articles:
    input: data/raw/pmids.xml
    output: data/articles/article-data-39545965.xml
    jobid: 25
    reason: Missing output files: data/articles/article-data-39545965.xml
    wildcards: pmid=39545965
    resources: tmpdir=/tmp

[Wed Nov 20 21:37:00 2024]
Finished job 25.
16 of 26 steps (62%) done
Select jobs to execute...
Execute 1 jobs...

[Wed Nov 20 21:37:00 2024]
localrule fetch_articles:
    input: data/raw/pmids.xml
    output: data/articles/article-data-39560821.xml
    jobid: 3
    reason: Missing output files: data/articles/article-data-39560821.xml
    wildcards: pmid=39560821
    resources: tmpdir=/tmp

[Wed Nov 20 21:37:02 2024]
Finished job 3.
17 of 26 steps (65%) done
Select jobs to execute...
Execute 1 jobs...

[Wed Nov 20 21:37:02 2024]
localrule fetch_articles:
    input: data/raw/pmids.xml
    output: data/articles/article-data-39550783.xml
    jobid: 19
    reason: Missing output files: data/articles/article-data-39550783.xml
    wildcards: pmid=39550783
    resources: tmpdir=/tmp

[Wed Nov 20 21:37:03 2024]
Finished job 19.
18 of 26 steps (69%) done
Select jobs to execute...
Execute 1 jobs...

[Wed Nov 20 21:37:03 2024]
localrule fetch_articles:
    input: data/raw/pmids.xml
    output: data/articles/article-data-39560319.xml
    jobid: 4
    reason: Missing output files: data/articles/article-data-39560319.xml
    wildcards: pmid=39560319
    resources: tmpdir=/tmp

[Wed Nov 20 21:37:04 2024]
Finished job 4.
19 of 26 steps (73%) done
Select jobs to execute...
Execute 1 jobs...

[Wed Nov 20 21:37:04 2024]
localrule fetch_articles:
    input: data/raw/pmids.xml
    output: data/articles/article-data-39549783.xml
    jobid: 23
    reason: Missing output files: data/articles/article-data-39549783.xml
    wildcards: pmid=39549783
    resources: tmpdir=/tmp

[Wed Nov 20 21:37:06 2024]
Finished job 23.
20 of 26 steps (77%) done
Select jobs to execute...
Execute 1 jobs...

[Wed Nov 20 21:37:06 2024]
localrule fetch_articles:
    input: data/raw/pmids.xml
    output: data/articles/article-data-39558292.xml
    jobid: 8
    reason: Missing output files: data/articles/article-data-39558292.xml
    wildcards: pmid=39558292
    resources: tmpdir=/tmp

[Wed Nov 20 21:37:07 2024]
Finished job 8.
21 of 26 steps (81%) done
Select jobs to execute...
Execute 1 jobs...

[Wed Nov 20 21:37:07 2024]
localrule fetch_articles:
    input: data/raw/pmids.xml
    output: data/articles/article-data-39550693.xml
    jobid: 20
    reason: Missing output files: data/articles/article-data-39550693.xml
    wildcards: pmid=39550693
    resources: tmpdir=/tmp

[Wed Nov 20 21:37:09 2024]
Finished job 20.
22 of 26 steps (85%) done
Select jobs to execute...
Execute 1 jobs...

[Wed Nov 20 21:37:09 2024]
localrule fetch_articles:
    input: data/raw/pmids.xml
    output: data/articles/article-data-39559920.xml
    jobid: 5
    reason: Missing output files: data/articles/article-data-39559920.xml
    wildcards: pmid=39559920
    resources: tmpdir=/tmp

[Wed Nov 20 21:37:10 2024]
Finished job 5.
23 of 26 steps (88%) done
Select jobs to execute...
Execute 1 jobs...

[Wed Nov 20 21:37:10 2024]
localrule fetch_articles:
    input: data/raw/pmids.xml
    output: data/articles/article-data-39547729.xml
    jobid: 24
    reason: Missing output files: data/articles/article-data-39547729.xml
    wildcards: pmid=39547729
    resources: tmpdir=/tmp

[Wed Nov 20 21:37:11 2024]
Finished job 24.
24 of 26 steps (92%) done
Select jobs to execute...
Execute 1 jobs...

[Wed Nov 20 21:37:11 2024]
localrule fetch_articles:
    input: data/raw/pmids.xml
    output: data/articles/article-data-39562810.xml
    jobid: 1
    reason: Missing output files: data/articles/article-data-39562810.xml
    wildcards: pmid=39562810
    resources: tmpdir=/tmp

[Wed Nov 20 21:37:13 2024]
Finished job 1.
25 of 26 steps (96%) done
Select jobs to execute...
Execute 1 jobs...

[Wed Nov 20 21:37:13 2024]
localrule process_articles:
    input: data/articles/article-data-39562810.xml, data/articles/article-data-39560821.xml, data/articles/article-data-39560319.xml, data/articles/article-data-39559920.xml, data/articles/article-data-39559556.xml, data/articles/article-data-39558820.xml, data/articles/article-data-39558292.xml, data/articles/article-data-39558250.xml, data/articles/article-data-39557995.xml, data/articles/article-data-39557089.xml, data/articles/article-data-39556251.xml, data/articles/article-data-39554298.xml, data/articles/article-data-39553000.xml, data/articles/article-data-39552393.xml, data/articles/article-data-39551951.xml, data/articles/article-data-39551591.xml, data/articles/article-data-39551439.xml, data/articles/article-data-39550783.xml, data/articles/article-data-39550693.xml, data/articles/article-data-39550105.xml, data/articles/article-data-39549937.xml, data/articles/article-data-39549783.xml, data/articles/article-data-39547729.xml, data/articles/article-data-39545965.xml, data/articles/article-data-39544193.xml, data/articles/article-data-39543596.xml, data/articles/article-data-39542232.xml, data/articles/article-data-39540209.xml, data/articles/article-data-39537445.xml, data/articles/article-data-39537389.xml
    output: data/processed/articles.tsv
    jobid: 0
    reason: Missing output files: data/processed/articles.tsv; Input files updated by another job: data/articles/article-data-39559556.xml, data/articles/article-data-39556251.xml, data/articles/article-data-39549937.xml, data/articles/article-data-39549783.xml, data/articles/article-data-39554298.xml, data/articles/article-data-39551591.xml, data/articles/article-data-39558292.xml, data/articles/article-data-39553000.xml, data/articles/article-data-39552393.xml, data/articles/article-data-39557995.xml, data/articles/article-data-39562810.xml, data/articles/article-data-39557089.xml, data/articles/article-data-39550783.xml, data/articles/article-data-39551951.xml, data/articles/article-data-39545965.xml, data/articles/article-data-39550105.xml, data/articles/article-data-39550693.xml, data/articles/article-data-39558820.xml, data/articles/article-data-39547729.xml, data/articles/article-data-39544193.xml, data/articles/article-data-39558250.xml, data/articles/article-data-39559920.xml, data/articles/article-data-39560821.xml, data/articles/article-data-39560319.xml, data/articles/article-data-39551439.xml
    resources: tmpdir=/tmp

[Wed Nov 20 21:37:13 2024]
Error in rule process_articles:
    jobid: 0
    input: data/articles/article-data-39562810.xml, data/articles/article-data-39560821.xml, data/articles/article-data-39560319.xml, data/articles/article-data-39559920.xml, data/articles/article-data-39559556.xml, data/articles/article-data-39558820.xml, data/articles/article-data-39558292.xml, data/articles/article-data-39558250.xml, data/articles/article-data-39557995.xml, data/articles/article-data-39557089.xml, data/articles/article-data-39556251.xml, data/articles/article-data-39554298.xml, data/articles/article-data-39553000.xml, data/articles/article-data-39552393.xml, data/articles/article-data-39551951.xml, data/articles/article-data-39551591.xml, data/articles/article-data-39551439.xml, data/articles/article-data-39550783.xml, data/articles/article-data-39550693.xml, data/articles/article-data-39550105.xml, data/articles/article-data-39549937.xml, data/articles/article-data-39549783.xml, data/articles/article-data-39547729.xml, data/articles/article-data-39545965.xml, data/articles/article-data-39544193.xml, data/articles/article-data-39543596.xml, data/articles/article-data-39542232.xml, data/articles/article-data-39540209.xml, data/articles/article-data-39537445.xml, data/articles/article-data-39537389.xml
    output: data/processed/articles.tsv
    shell:
        
        Rscript scripts/process_articles.R data/articles data/processed/articles.tsv
        
        (one of the commands exited with non-zero exit code; note that snakemake uses bash strict mode!)

Shutting down, this might take some time.
Exiting because a job execution failed. Look above for error message
Complete log: .snakemake/log/2024-11-20T213637.688553.snakemake.log
WorkflowError:
At least one job did not complete successfully.
