host: Fan
Building DAG of jobs...
Using shell: /usr/bin/bash
Provided cores: 16
Rules claiming more threads will be scaled down.
Job stats:
job           count
----------  -------
all               1
fetch_data        1
total             2

Select jobs to execute...
Execute 1 jobs...

[Thu Nov 21 12:27:57 2024]
localrule fetch_data:
    output: data/raw/pmids.xml, logs/fetch_data.log
    jobid: 1
    reason: Missing output files: data/raw/pmids.xml; Code has changed since last execution
    resources: tmpdir=/tmp

[Thu Nov 21 12:28:26 2024]
Finished job 1.
1 of 2 steps (50%) done
Select jobs to execute...
Execute 1 jobs...

[Thu Nov 21 12:28:26 2024]
localrule all:
    input: logs/fetch_data.log, data/raw/pmids.xml
    jobid: 0
    reason: Input files updated by another job: data/raw/pmids.xml, logs/fetch_data.log
    resources: tmpdir=/tmp

[Thu Nov 21 12:28:26 2024]
Finished job 0.
2 of 2 steps (100%) done
Complete log: .snakemake/log/2024-11-21T122757.339333.snakemake.log
