host: Fan
Building DAG of jobs...
Using shell: /usr/bin/bash
Provided cores: 16
Rules claiming more threads will be scaled down.
Job stats:
job            count
-----------  -------
fetch_pmids        1
total              1

Select jobs to execute...
Execute 1 jobs...

[Wed Nov 20 16:15:50 2024]
localrule fetch_pmids:
    output: data/raw/pmids.xml
    jobid: 0
    reason: Missing output files: data/raw/pmids.xml
    resources: tmpdir=/tmp

[Wed Nov 20 16:15:50 2024]
Finished job 0.
1 of 1 steps (100%) done
Complete log: .snakemake/log/2024-11-20T161550.110101.snakemake.log
