host: Fan
Building DAG of jobs...
Using shell: /usr/bin/bash
Provided cores: 16
Rules claiming more threads will be scaled down.
Job stats:
job                 count
----------------  -------
clean_titles            1
process_articles        1
visualize_trends        1
total                   3

Select jobs to execute...
Execute 1 jobs...

[Wed Nov 20 17:48:21 2024]
localrule process_articles:
    input: data/articles/article-data-39562810.xml, data/articles/article-data-39560821.xml, data/articles/article-data-39560319.xml, data/articles/article-data-39559920.xml, data/articles/article-data-39559556.xml, data/articles/article-data-39558820.xml, data/articles/article-data-39558292.xml, data/articles/article-data-39558250.xml, data/articles/article-data-39557995.xml, data/articles/article-data-39557089.xml, data/articles/article-data-39556251.xml, data/articles/article-data-39554298.xml, data/articles/article-data-39553000.xml, data/articles/article-data-39552393.xml, data/articles/article-data-39551951.xml, data/articles/article-data-39551591.xml, data/articles/article-data-39551439.xml, data/articles/article-data-39550783.xml, data/articles/article-data-39550693.xml, data/articles/article-data-39550105.xml, data/articles/article-data-39549937.xml, data/articles/article-data-39549783.xml, data/articles/article-data-39547729.xml, data/articles/article-data-39545965.xml, data/articles/article-data-39544193.xml, data/articles/article-data-39543596.xml, data/articles/article-data-39542232.xml, data/articles/article-data-39540209.xml, data/articles/article-data-39537445.xml, data/articles/article-data-39537389.xml
    output: data/processed/articles.tsv
    jobid: 2
    reason: Missing output files: data/processed/articles.tsv
    resources: tmpdir=/tmp

[Wed Nov 20 17:48:22 2024]
Error in rule process_articles:
    jobid: 2
    input: data/articles/article-data-39562810.xml, data/articles/article-data-39560821.xml, data/articles/article-data-39560319.xml, data/articles/article-data-39559920.xml, data/articles/article-data-39559556.xml, data/articles/article-data-39558820.xml, data/articles/article-data-39558292.xml, data/articles/article-data-39558250.xml, data/articles/article-data-39557995.xml, data/articles/article-data-39557089.xml, data/articles/article-data-39556251.xml, data/articles/article-data-39554298.xml, data/articles/article-data-39553000.xml, data/articles/article-data-39552393.xml, data/articles/article-data-39551951.xml, data/articles/article-data-39551591.xml, data/articles/article-data-39551439.xml, data/articles/article-data-39550783.xml, data/articles/article-data-39550693.xml, data/articles/article-data-39550105.xml, data/articles/article-data-39549937.xml, data/articles/article-data-39549783.xml, data/articles/article-data-39547729.xml, data/articles/article-data-39545965.xml, data/articles/article-data-39544193.xml, data/articles/article-data-39543596.xml, data/articles/article-data-39542232.xml, data/articles/article-data-39540209.xml, data/articles/article-data-39537445.xml, data/articles/article-data-39537389.xml
    output: data/processed/articles.tsv
    shell:
        
        Rscript scripts/process_articles.R data/articles data/processed/articles.tsv
        
        (one of the commands exited with non-zero exit code; note that snakemake uses bash strict mode!)

Shutting down, this might take some time.
Exiting because a job execution failed. Look above for error message
Complete log: .snakemake/log/2024-11-20T174821.741310.snakemake.log
WorkflowError:
At least one job did not complete successfully.
