host: Fan
Building DAG of jobs...
Using shell: /usr/bin/bash
Provided cores: 16
Rules claiming more threads will be scaled down.
Job stats:
job                 count
----------------  -------
all                     1
fetch_data              1
process_articles        1
total                   3

Select jobs to execute...
Execute 2 jobs...

[Thu Nov 21 12:39:50 2024]
localrule fetch_data:
    output: data/raw/pmids.xml, logs/fetch_data.log
    jobid: 1
    reason: Missing output files: data/raw/pmids.xml
    resources: tmpdir=/tmp


[Thu Nov 21 12:39:50 2024]
localrule process_articles:
    output: data/processed/articles.tsv, logs/process_articles.log
    jobid: 2
    reason: Missing output files: data/processed/articles.tsv; Code has changed since last execution
    resources: tmpdir=/tmp

Waiting at most 5 seconds for missing files.
MissingOutputException in rule process_articles in file /home/fan/Applied_HD/AHDS_summative/Snakefile, line 51:
Job 2  completed successfully, but some output files are missing. Missing files after 5 seconds. This might be due to filesystem latency. If that is the case, consider to increase the wait time with --latency-wait:
data/processed/articles.tsv (missing locally, parent dir contents: )
Removing output files of failed job process_articles since they might be corrupted:
logs/process_articles.log
[Thu Nov 21 12:40:10 2024]
Finished job 1.
1 of 3 steps (33%) done
Shutting down, this might take some time.
Exiting because a job execution failed. Look above for error message
Complete log: .snakemake/log/2024-11-21T123950.956918.snakemake.log
WorkflowError:
At least one job did not complete successfully.
