host: Fan
Building DAG of jobs...
Using shell: /usr/bin/bash
Provided cores: 16
Rules claiming more threads will be scaled down.
Job stats:
job                 count
----------------  -------
clean_titles            1
process_articles        1
total                   2

Select jobs to execute...
Execute 1 jobs...

[Thu Nov 21 12:44:00 2024]
localrule process_articles:
    input: logs/fetch_data.log, data/articles/article-data-39569188.xml, data/articles/article-data-39569098.xml, data/articles/article-data-39568467.xml, data/articles/article-data-39568226.xml, data/articles/article-data-39566066.xml, data/articles/article-data-39565774.xml, data/articles/article-data-39565535.xml, data/articles/article-data-39565217.xml, data/articles/article-data-39564900.xml, data/articles/article-data-39564795.xml
    output: data/processed/articles.tsv, logs/process_articles.log
    jobid: 1
    reason: Set of input files has changed since last execution
    resources: tmpdir=/tmp

[Thu Nov 21 12:44:00 2024]
Finished job 1.
1 of 2 steps (50%) done
Select jobs to execute...
Execute 1 jobs...

[Thu Nov 21 12:44:00 2024]
localrule clean_titles:
    input: data/processed/articles.tsv
    output: data/processed/cleaned_articles.tsv
    jobid: 0
    reason: Input files updated by another job: data/processed/articles.tsv
    resources: tmpdir=/tmp

[Thu Nov 21 12:44:01 2024]
Finished job 0.
2 of 2 steps (100%) done
Complete log: .snakemake/log/2024-11-21T124400.087546.snakemake.log
