host: Fan
Building DAG of jobs...
Using shell: /usr/bin/bash
Provided cores: 16
Rules claiming more threads will be scaled down.
Job stats:
job                 count
----------------  -------
process_articles        1
total                   1

Select jobs to execute...
Execute 1 jobs...

[Wed Nov 20 16:55:13 2024]
localrule process_articles:
    input: data/articles/article-data-39562810.xml, data/articles/article-data-39560821.xml, data/articles/article-data-39560319.xml, data/articles/article-data-39559920.xml, data/articles/article-data-39559556.xml, data/articles/article-data-39558820.xml, data/articles/article-data-39558292.xml, data/articles/article-data-39558250.xml, data/articles/article-data-39557995.xml, data/articles/article-data-39557089.xml
    output: data/processed/articles.tsv
    jobid: 0
    reason: Missing output files: data/processed/articles.tsv
    resources: tmpdir=/tmp

[Wed Nov 20 16:55:14 2024]
Error in rule process_articles:
    jobid: 0
    input: data/articles/article-data-39562810.xml, data/articles/article-data-39560821.xml, data/articles/article-data-39560319.xml, data/articles/article-data-39559920.xml, data/articles/article-data-39559556.xml, data/articles/article-data-39558820.xml, data/articles/article-data-39558292.xml, data/articles/article-data-39558250.xml, data/articles/article-data-39557995.xml, data/articles/article-data-39557089.xml
    output: data/processed/articles.tsv
    shell:
        
        Rscript scripts/process_articles.R data/articles data/processed/articles.tsv
        
        (one of the commands exited with non-zero exit code; note that snakemake uses bash strict mode!)

Shutting down, this might take some time.
Exiting because a job execution failed. Look above for error message
Complete log: .snakemake/log/2024-11-20T165513.439522.snakemake.log
WorkflowError:
At least one job did not complete successfully.
