host: Fan
Building DAG of jobs...
Using shell: /usr/bin/bash
Provided cores: 16
Rules claiming more threads will be scaled down.
Job stats:
job                 count
----------------  -------
all                     1
clean_titles            1
fetch_data              1
process_articles        1
total                   4

Select jobs to execute...
Execute 1 jobs...

[Thu Nov 21 20:41:28 2024]
localrule fetch_data:
    output: data/raw/pmids/pmids.xml, logs/fetch_data.log
    jobid: 1
    reason: Missing output files: data/raw/pmids/pmids.xml, logs/fetch_data.log
    resources: tmpdir=/tmp

[Thu Nov 21 20:41:31 2024]
Finished job 1.
1 of 4 steps (25%) done
Select jobs to execute...
Execute 1 jobs...

[Thu Nov 21 20:41:31 2024]
localrule process_articles:
    input: logs/fetch_data.log
    output: data/raw/processed/articles.tsv, logs/process_articles.log
    jobid: 2
    reason: Missing output files: data/raw/processed/articles.tsv, logs/process_articles.log; Input files updated by another job: logs/fetch_data.log
    resources: tmpdir=/tmp

[Thu Nov 21 20:41:31 2024]
Finished job 2.
2 of 4 steps (50%) done
Select jobs to execute...
Execute 1 jobs...

[Thu Nov 21 20:41:31 2024]
localrule clean_titles:
    input: logs/process_articles.log, data/raw/processed/articles.tsv
    output: data/clean/cleaned_articles.tsv, logs/clean_titles.log
    jobid: 3
    reason: Missing output files: data/clean/cleaned_articles.tsv; Input files updated by another job: data/raw/processed/articles.tsv, logs/process_articles.log
    resources: tmpdir=/tmp

RuleException:
WorkflowError in file /home/fan/Applied_HD/AHDS_summative/Snakefile, line 73:
Failed to open source file /home/fan/Applied_HD/AHDS_summative/
        Rscript scripts/clean_titles.R "data/raw/processed" "data/clean"
        
FileNotFoundError: [Errno 2] No such file or directory: '/home/fan/Applied_HD/AHDS_summative/\n        Rscript scripts/clean_titles.R "data/raw/processed" "data/clean"\n        '
[Thu Nov 21 20:41:31 2024]
Error in rule clean_titles:
    jobid: 3
    input: logs/process_articles.log, data/raw/processed/articles.tsv
    output: data/clean/cleaned_articles.tsv, logs/clean_titles.log

Shutting down, this might take some time.
Exiting because a job execution failed. Look above for error message
Complete log: .snakemake/log/2024-11-21T204128.405483.snakemake.log
WorkflowError:
At least one job did not complete successfully.
