host: Fan
Building DAG of jobs...
Using shell: /usr/bin/bash
Provided cores: 1 (use --cores to define parallelism)
Rules claiming more threads will be scaled down.
Job stats:
job                 count
----------------  -------
process_articles        1
total                   1

Select jobs to execute...
Execute 1 jobs...

[Wed Nov 20 17:02:00 2024]
localrule process_articles:
    input: data/articles/article-data-39562810.xml, data/articles/article-data-39560821.xml, data/articles/article-data-39560319.xml
    output: data/processed/articles.tsv
    jobid: 0
    reason: Missing output files: data/processed/articles.tsv
    resources: tmpdir=/tmp

[Wed Nov 20 17:02:00 2024]
Finished job 0.
1 of 1 steps (100%) done
Complete log: .snakemake/log/2024-11-20T170200.282519.snakemake.log
