host: Fan
Building DAG of jobs...
Using shell: /usr/bin/bash
Provided cores: 16
Rules claiming more threads will be scaled down.
Job stats:
job                 count
----------------  -------
process_articles        1
total                   1

Select jobs to execute...
Execute 1 jobs...

[Thu Nov 21 12:28:45 2024]
localrule process_articles:
    input: data/articles/article-data-39569188.xml, data/articles/article-data-39569098.xml, data/articles/article-data-39568467.xml, data/articles/article-data-39568226.xml, data/articles/article-data-39566066.xml, data/articles/article-data-39565774.xml, data/articles/article-data-39565535.xml, data/articles/article-data-39565217.xml, data/articles/article-data-39564900.xml, data/articles/article-data-39564795.xml, data/articles/article-data-39564006.xml, data/articles/article-data-39563758.xml, data/articles/article-data-39563260.xml, data/articles/article-data-39563149.xml, data/articles/article-data-39562810.xml, data/articles/article-data-39562802.xml, data/articles/article-data-39562725.xml, data/articles/article-data-39562469.xml, data/articles/article-data-39562432.xml, data/articles/article-data-39562312.xml
    output: data/processed/articles.tsv
    jobid: 0
    reason: Missing output files: data/processed/articles.tsv
    resources: tmpdir=/tmp

[Thu Nov 21 12:28:46 2024]
Finished job 0.
1 of 1 steps (100%) done
Complete log: .snakemake/log/2024-11-21T122845.838758.snakemake.log
