host: Fan
Building DAG of jobs...
Using shell: /usr/bin/bash
Provided cores: 16
Rules claiming more threads will be scaled down.
Job stats:
job                 count
----------------  -------
LDA                     1
all                     1
clean_titles            1
fetch_data              1
process_articles        1
word_frequency          1
total                   6

Select jobs to execute...
Execute 1 jobs...

[Sat Nov 23 18:14:12 2024]
localrule fetch_data:
    output: data/raw/pmids/pmids.xml, logs/fetch_data.log
    jobid: 1
    reason: Missing output files: logs/fetch_data.log, data/raw/pmids/pmids.xml
    resources: tmpdir=/tmp

[Sat Nov 23 18:14:31 2024]
Finished job 1.
1 of 6 steps (17%) done
Select jobs to execute...
Execute 1 jobs...

[Sat Nov 23 18:14:31 2024]
localrule process_articles:
    input: logs/fetch_data.log, data/raw/pmids/pmids.xml
    output: data/raw/processed/articles.tsv, logs/process_articles.log
    jobid: 2
    reason: Missing output files: logs/process_articles.log, data/raw/processed/articles.tsv; Input files updated by another job: logs/fetch_data.log, data/raw/pmids/pmids.xml
    resources: tmpdir=/tmp

[Sat Nov 23 18:14:32 2024]
Finished job 2.
2 of 6 steps (33%) done
Select jobs to execute...
Execute 1 jobs...

[Sat Nov 23 18:14:32 2024]
localrule clean_titles:
    input: logs/process_articles.log, data/raw/processed/articles.tsv
    output: data/clean/cleaned_articles.tsv, logs/clean_titles.log
    jobid: 3
    reason: Missing output files: data/clean/cleaned_articles.tsv; Input files updated by another job: logs/process_articles.log, data/raw/processed/articles.tsv
    resources: tmpdir=/tmp

[Sat Nov 23 18:14:34 2024]
Finished job 3.
3 of 6 steps (50%) done
Select jobs to execute...
Execute 2 jobs...

[Sat Nov 23 18:14:34 2024]
localrule LDA:
    input: data/clean/cleaned_articles.tsv
    output: plots/Top_Terms_Excluding_COVID.png, plots/Top_Terms_with_COVID.png
    jobid: 4
    reason: Missing output files: plots/Top_Terms_Excluding_COVID.png, plots/Top_Terms_with_COVID.png; Input files updated by another job: data/clean/cleaned_articles.tsv
    resources: tmpdir=/tmp

[Sat Nov 23 18:14:34 2024]
localrule word_frequency:
    input: data/clean/cleaned_articles.tsv
    output: plots/Word_Frequency_Trends_2019-2026.png, plots/Thematic_Word_Frequency_Trends_2019-2026.png
    jobid: 5
    reason: Missing output files: plots/Word_Frequency_Trends_2019-2026.png, plots/Thematic_Word_Frequency_Trends_2019-2026.png; Input files updated by another job: data/clean/cleaned_articles.tsv
    resources: tmpdir=/tmp

RuleException:
CalledProcessError in file /home/fan/Applied_HD/AHDS_summative/Snakefile, line 91:
Command 'set -euo pipefail;  Rscript --vanilla /home/fan/Applied_HD/AHDS_summative/.snakemake/scripts/tmp5s55xy9k.word_frequency.R' returned non-zero exit status 1.
[Sat Nov 23 18:14:35 2024]
Error in rule word_frequency:
    jobid: 5
    input: data/clean/cleaned_articles.tsv
    output: plots/Word_Frequency_Trends_2019-2026.png, plots/Thematic_Word_Frequency_Trends_2019-2026.png

RuleException:
CalledProcessError in file /home/fan/Applied_HD/AHDS_summative/Snakefile, line 101:
Command 'set -euo pipefail;  Rscript --vanilla /home/fan/Applied_HD/AHDS_summative/.snakemake/scripts/tmpfi2eexf8.LDA.R' returned non-zero exit status 1.
[Sat Nov 23 18:14:36 2024]
Error in rule LDA:
    jobid: 4
    input: data/clean/cleaned_articles.tsv
    output: plots/Top_Terms_Excluding_COVID.png, plots/Top_Terms_with_COVID.png

Shutting down, this might take some time.
Exiting because a job execution failed. Look above for error message
Complete log: .snakemake/log/2024-11-23T181412.887802.snakemake.log
WorkflowError:
At least one job did not complete successfully.
