host: Fan
Building DAG of jobs...
Using shell: /usr/bin/bash
Provided cores: 16
Rules claiming more threads will be scaled down.
Job stats:
job                 count
----------------  -------
all                     1
process_articles        1
total                   2

Select jobs to execute...
Execute 1 jobs...

[Wed Nov 20 16:17:34 2024]
localrule process_articles:
    output: data/processed/articles.tsv
    jobid: 1
    reason: Missing output files: data/processed/articles.tsv
    resources: tmpdir=/tmp

[Wed Nov 20 16:17:34 2024]
Finished job 1.
1 of 2 steps (50%) done
Select jobs to execute...
Execute 1 jobs...

[Wed Nov 20 16:17:34 2024]
localrule all:
    input: data/processed/articles.tsv
    jobid: 0
    reason: Input files updated by another job: data/processed/articles.tsv
    resources: tmpdir=/tmp

[Wed Nov 20 16:17:34 2024]
Finished job 0.
2 of 2 steps (100%) done
Complete log: .snakemake/log/2024-11-20T161734.398191.snakemake.log
