host: Fan
Building DAG of jobs...
Using shell: /usr/bin/bash
Provided cores: 16
Rules claiming more threads will be scaled down.
Job stats:
job                 count
----------------  -------
clean_titles            1
fetch_data              1
process_articles        1
word_frequency          1
total                   4

Select jobs to execute...
Execute 1 jobs...

[Sat Nov 23 17:41:48 2024]
localrule fetch_data:
    output: data/raw/pmids/pmids.xml, logs/fetch_data.log
    jobid: 3
    reason: Missing output files: logs/fetch_data.log
    resources: tmpdir=/tmp

