host: Fan
Building DAG of jobs...
Using shell: /usr/bin/bash
Provided cores: 16
Rules claiming more threads will be scaled down.
Job stats:
job                 count
----------------  -------
all                     1
clean_titles            1
fetch_data              1
process_articles        1
total                   4

Select jobs to execute...
Execute 2 jobs...

[Thu Nov 21 19:00:47 2024]
localrule process_articles:
    output: data/processed/articles.tsv, logs/process_articles.log
    jobid: 2
    reason: Missing output files: data/processed/articles.tsv, logs/process_articles.log
    resources: tmpdir=/tmp


[Thu Nov 21 19:00:47 2024]
localrule fetch_data:
    output: data/raw/pmids.xml, logs/fetch_data.log
    jobid: 1
    reason: Missing output files: data/raw/pmids.xml
    resources: tmpdir=/tmp

[Thu Nov 21 19:00:48 2024]
Error in rule fetch_data:
    jobid: 1
    output: data/raw/pmids.xml, logs/fetch_data.log
    shell:
        
        bash scripts/fetch_data.sh 'long%20covid' 10 data/raw data/articles
        
        (one of the commands exited with non-zero exit code; note that snakemake uses bash strict mode!)

Removing output files of failed job fetch_data since they might be corrupted:
data/raw/pmids.xml, logs/fetch_data.log
[Thu Nov 21 19:00:48 2024]
Finished job 2.
1 of 4 steps (25%) done
Shutting down, this might take some time.
Exiting because a job execution failed. Look above for error message
Complete log: .snakemake/log/2024-11-21T190047.888088.snakemake.log
WorkflowError:
At least one job did not complete successfully.
