host: Fan
Building DAG of jobs...
Using shell: /usr/bin/bash
Provided cores: 16
Rules claiming more threads will be scaled down.
Job stats:
job                 count
----------------  -------
all                     1
clean_titles            1
process_articles        1
total                   3

Select jobs to execute...
Execute 1 jobs...

[Thu Nov 21 20:25:30 2024]
localrule process_articles:
    input: logs/fetch_data.log, data/raw/articles/article-data-39569188.xml, data/raw/articles/article-data-39569098.xml, data/raw/articles/article-data-39568467.xml
    output: data/raw/processed/articles.tsv, logs/process_articles.log
    jobid: 2
    reason: Set of input files has changed since last execution
    resources: tmpdir=/tmp

[Thu Nov 21 20:25:30 2024]
Finished job 2.
1 of 3 steps (33%) done
Select jobs to execute...
Execute 1 jobs...

[Thu Nov 21 20:25:30 2024]
localrule clean_titles:
    input: logs/process_articles.log, data/raw/processed/articles.tsv
    output: data/raw/processed/cleaned_articles.tsv, logs/clean_titles.log
    jobid: 3
    reason: Missing output files: data/raw/processed/cleaned_articles.tsv; Input files updated by another job: data/raw/processed/articles.tsv, logs/process_articles.log
    resources: tmpdir=/tmp

Waiting at most 5 seconds for missing files.
MissingOutputException in rule clean_titles in file /home/fan/Applied_HD/AHDS_summative/Snakefile, line 65:
Job 3  completed successfully, but some output files are missing. Missing files after 5 seconds. This might be due to filesystem latency. If that is the case, consider to increase the wait time with --latency-wait:
data/raw/processed/cleaned_articles.tsv (missing locally, parent dir contents: articles.tsv)
Removing output files of failed job clean_titles since they might be corrupted:
logs/clean_titles.log
Shutting down, this might take some time.
Exiting because a job execution failed. Look above for error message
Complete log: .snakemake/log/2024-11-21T202530.138885.snakemake.log
WorkflowError:
At least one job did not complete successfully.
