host: Fan
Building DAG of jobs...
Using shell: /usr/bin/bash
Provided cores: 16
Rules claiming more threads will be scaled down.
Job stats:
job             count
------------  -------
clean_titles        1
total               1

Select jobs to execute...
Execute 1 jobs...

[Thu Nov 21 12:51:02 2024]
localrule clean_titles:
    input: logs/process_articles.log, data/processed/articles.tsv
    output: data/processed/cleaned_articles.tsv, logs/clean_titles.log
    jobid: 0
    reason: Missing output files: data/processed/cleaned_articles.tsv, logs/clean_titles.log
    resources: tmpdir=/tmp

[Thu Nov 21 12:51:04 2024]
Finished job 0.
1 of 1 steps (100%) done
Complete log: .snakemake/log/2024-11-21T125102.749746.snakemake.log
