host: Fan
Building DAG of jobs...
Using shell: /usr/bin/bash
Provided cores: 16
Rules claiming more threads will be scaled down.
Job stats:
job             count
------------  -------
clean_titles        1
total               1

Select jobs to execute...
Execute 1 jobs...

[Wed Nov 20 17:03:10 2024]
localrule clean_titles:
    input: data/processed/articles.tsv
    output: data/processed/cleaned_articles.tsv
    jobid: 0
    reason: Missing output files: data/processed/cleaned_articles.tsv
    resources: tmpdir=/tmp

RuleException:
WorkflowError in file /home/fan/Applied_HD/AHDS_summative/Snakefile, line 75:
Failed to open source file /home/fan/Applied_HD/AHDS_summative/scripts/clean_titles.R
FileNotFoundError: [Errno 2] No such file or directory: '/home/fan/Applied_HD/AHDS_summative/scripts/clean_titles.R'
[Wed Nov 20 17:03:10 2024]
Error in rule clean_titles:
    jobid: 0
    input: data/processed/articles.tsv
    output: data/processed/cleaned_articles.tsv

Shutting down, this might take some time.
Exiting because a job execution failed. Look above for error message
Complete log: .snakemake/log/2024-11-20T170310.338600.snakemake.log
WorkflowError:
At least one job did not complete successfully.
